<?xml version="1.0" encoding="UTF-8"?>
<!-- Generated by org.testng.reporters.JUnitXMLReporter -->
<testsuite hostname="ANUPAMAs-MBP" ignored="0" name="Default test" tests="3" failures="0" timestamp="2020-04-19T17:54:24 SGT" time="0.044" errors="0">
  <testcase name="one" time="0.008" classname="demo.TestNGPriorityDemo"/>
  <testcase name="three" time="0.001" classname="demo.TestNGPriorityDemo"/>
  <testcase name="two" time="0.001" classname="demo.TestNGPriorityDemo"/>
</testsuite> <!-- Default test -->
