<?xml version="1.0" encoding="UTF-8"?>
<testng-results ignored="0" total="1" passed="1" failed="0" skipped="0">
  <reporter-output>
  </reporter-output>
  <suite started-at="2020-04-19T18:01:08 SGT" name="Suite1" finished-at="2020-04-19T18:01:08 SGT" duration-ms="28">
    <groups>
    </groups>
    <test started-at="2020-04-19T18:01:08 SGT" name="Test1" finished-at="2020-04-19T18:01:08 SGT" duration-ms="28">
      <class name="demo.TestNGParametersDemo">
        <test-method signature="test(java.lang.String)[pri:0, instance:demo.TestNGParametersDemo@77be656f]" started-at="2020-04-19T18:01:08 SGT" name="test" finished-at="2020-04-19T18:01:08 SGT" duration-ms="2" status="PASS">
          <params>
            <param index="0">
              <value>
                <![CDATA[Anupama]]>
              </value>
            </param>
          </params>
          <reporter-output>
          </reporter-output>
        </test-method> <!-- test -->
      </class> <!-- demo.TestNGParametersDemo -->
    </test> <!-- Test1 -->
  </suite> <!-- Suite1 -->
</testng-results>
