<?xml version="1.0" encoding="UTF-8"?>
<testng-results skipped="0" failed="0" ignored="0" total="3" passed="3">
  <reporter-output>
  </reporter-output>
  <suite name="Default suite" duration-ms="44" started-at="2020-04-19T17:54:24 SGT" finished-at="2020-04-19T17:54:24 SGT">
    <groups>
    </groups>
    <test name="Default test" duration-ms="44" started-at="2020-04-19T17:54:24 SGT" finished-at="2020-04-19T17:54:24 SGT">
      <class name="demo.TestNGPriorityDemo">
        <test-method status="PASS" signature="one()[pri:0, instance:demo.TestNGPriorityDemo@33f88ab]" name="one" duration-ms="8" started-at="2020-04-19T17:54:24 SGT" finished-at="2020-04-19T17:54:24 SGT">
          <reporter-output>
          </reporter-output>
        </test-method> <!-- one -->
        <test-method status="PASS" signature="three()[pri:1, instance:demo.TestNGPriorityDemo@33f88ab]" name="three" duration-ms="1" started-at="2020-04-19T17:54:24 SGT" finished-at="2020-04-19T17:54:24 SGT">
          <reporter-output>
          </reporter-output>
        </test-method> <!-- three -->
        <test-method status="PASS" signature="two()[pri:1, instance:demo.TestNGPriorityDemo@33f88ab]" name="two" duration-ms="1" started-at="2020-04-19T17:54:24 SGT" finished-at="2020-04-19T17:54:24 SGT">
          <reporter-output>
          </reporter-output>
        </test-method> <!-- two -->
      </class> <!-- demo.TestNGPriorityDemo -->
    </test> <!-- Default test -->
  </suite> <!-- Default suite -->
</testng-results>
